<?xml version="1.0" encoding="UTF-8"?>
<robot generator="Robot 6.0.2 (Python 3.11.4 on darwin)" generated="20230725 01:30:25.435" rpa="false" schemaversion="3">
<suite id="s1" name="Booking" source="/Users/valtersouza/Documents/GitHub/TestAutomatation-Robotframework/suites/booking/booking.robot">
<test id="s1-t1" name="TC01 - Reservar uma data" line="8">
<kw name="Acessar o site" library="setup_teardown" type="SETUP">
<kw name="Open Browser" library="SeleniumLibrary">
<arg>${geral.URL}</arg>
<arg>${geral.Browser}</arg>
<doc>Opens a new browser instance to the optional ``url``.</doc>
<msg timestamp="20230725 01:30:25.523" level="INFO">Opening browser 'chrome' to base url 'https://site-chacara.vercel.app/'.</msg>
<msg timestamp="20230725 01:30:25.525" level="INFO">Cannot capture screenshot because no browser is open.</msg>
<msg timestamp="20230725 01:30:25.525" level="FAIL">TypeError: WebDriver.__init__() got an unexpected keyword argument 'service_log_path'</msg>
<status status="FAIL" starttime="20230725 01:30:25.523" endtime="20230725 01:30:25.527"/>
</kw>
<kw name="Maximize Browser Window" library="SeleniumLibrary">
<doc>Maximizes current browser window.</doc>
<status status="NOT RUN" starttime="20230725 01:30:25.527" endtime="20230725 01:30:25.527"/>
</kw>
<status status="FAIL" starttime="20230725 01:30:25.523" endtime="20230725 01:30:25.528"/>
</kw>
<kw name="Fechar o navegador" library="setup_teardown" type="TEARDOWN">
<kw name="Close Browser" library="SeleniumLibrary">
<doc>Closes the current browser.</doc>
<status status="PASS" starttime="20230725 01:30:25.528" endtime="20230725 01:30:25.528"/>
</kw>
<status status="PASS" starttime="20230725 01:30:25.528" endtime="20230725 01:30:25.528"/>
</kw>
<status status="FAIL" starttime="20230725 01:30:25.522" endtime="20230725 01:30:25.528">Setup failed:
TypeError: WebDriver.__init__() got an unexpected keyword argument 'service_log_path'</status>
</test>
<status status="FAIL" starttime="20230725 01:30:25.438" endtime="20230725 01:30:25.529"/>
</suite>
<statistics>
<total>
<stat pass="0" fail="1" skip="0">All Tests</stat>
</total>
<tag>
</tag>
<suite>
<stat pass="0" fail="1" skip="0" id="s1" name="Booking">Booking</stat>
</suite>
</statistics>
<errors>
</errors>
</robot>
