<?xml version="1.0" encoding="UTF-8"?>
<robot generator="Robot 6.0.2 (Python 3.11.4 on darwin)" generated="20230808 20:42:30.236" rpa="false" schemaversion="3">
<suite id="s1" name="Booking" source="/Users/valtersouza/Documents/GitHub/TestAutomatation-Robotframework/suites/booking/booking.robot">
<test id="s1-t1" name="TC01 - Reservar uma data" line="8">
<kw name="Acessar o site" library="setup_teardown" type="SETUP">
<kw name="Open Browser" library="SeleniumLibrary">
<arg>${geral.URL}</arg>
<arg>${geral.Browser}</arg>
<doc>Opens a new browser instance to the optional ``url``.</doc>
<msg timestamp="20230808 20:42:30.293" level="INFO">Opening browser 'chrome' to base url 'https://site-chacara.vercel.app/'.</msg>
<msg timestamp="20230808 20:42:30.293" level="INFO">Applicable driver not found; attempting to install with Selenium Manager (Beta)</msg>
<status status="PASS" starttime="20230808 20:42:30.292" endtime="20230808 20:42:35.053"/>
</kw>
<kw name="Maximize Browser Window" library="SeleniumLibrary">
<doc>Maximizes current browser window.</doc>
<status status="PASS" starttime="20230808 20:42:35.053" endtime="20230808 20:42:35.483"/>
</kw>
<status status="PASS" starttime="20230808 20:42:30.292" endtime="20230808 20:42:35.483"/>
</kw>
<kw name="Ir para o segundo passo" library="booking_page">
<kw name="Wait Until Element Is Visible" library="SeleniumLibrary">
<arg>${booking.go_to_second_step}</arg>
<arg>10</arg>
<doc>Waits until the element ``locator`` is visible.</doc>
<status status="PASS" starttime="20230808 20:42:35.485" endtime="20230808 20:42:36.618"/>
</kw>
<kw name="Click Element" library="SeleniumLibrary">
<arg>${booking.go_to_second_step}</arg>
<doc>Click the element identified by ``locator``.</doc>
<msg timestamp="20230808 20:42:36.618" level="INFO">Clicking element '//a[contains(text(),"Tem interesse? Entre em contato e agende!")]'.</msg>
<status status="PASS" starttime="20230808 20:42:36.618" endtime="20230808 20:42:36.650"/>
</kw>
<status status="PASS" starttime="20230808 20:42:35.484" endtime="20230808 20:42:36.650"/>
</kw>
<kw name="Informar os dados de contato" library="booking_page">
<kw name="Wait Until Element Is Visible" library="SeleniumLibrary">
<arg>${booking.input_nome}</arg>
<arg>10</arg>
<doc>Waits until the element ``locator`` is visible.</doc>
<status status="PASS" starttime="20230808 20:42:36.651" endtime="20230808 20:42:36.882"/>
</kw>
<kw name="Input Text" library="SeleniumLibrary">
<arg>${booking.input_nome}</arg>
<arg>${dados_validos.nome}</arg>
<doc>Types the given ``text`` into the text field identified by ``locator``.</doc>
<msg timestamp="20230808 20:42:36.883" level="INFO">Typing text 'Valter Iversen' into text field '//input[@id="name"]'.</msg>
<status status="PASS" starttime="20230808 20:42:36.882" endtime="20230808 20:42:36.986"/>
</kw>
<kw name="Wait Until Element Is Visible" library="SeleniumLibrary">
<arg>${booking.input_celular}</arg>
<arg>10</arg>
<doc>Waits until the element ``locator`` is visible.</doc>
<status status="PASS" starttime="20230808 20:42:36.986" endtime="20230808 20:42:36.997"/>
</kw>
<kw name="Input Text" library="SeleniumLibrary">
<arg>${booking.input_celular}</arg>
<arg>${dados_validos.celular}</arg>
<doc>Types the given ``text`` into the text field identified by ``locator``.</doc>
<msg timestamp="20230808 20:42:36.998" level="INFO">Typing text '17991129720' into text field '//input[@placeholder="Digite seu celular"]'.</msg>
<status status="PASS" starttime="20230808 20:42:36.997" endtime="20230808 20:42:37.027"/>
</kw>
<status status="PASS" starttime="20230808 20:42:36.650" endtime="20230808 20:42:37.027"/>
</kw>
<kw name="Ir para o terceiro passo" library="booking_page">
<kw name="Wait Until Element Is Visible" library="SeleniumLibrary">
<arg>${booking.go_to_third_step}</arg>
<arg>10</arg>
<doc>Waits until the element ``locator`` is visible.</doc>
<status status="PASS" starttime="20230808 20:42:37.027" endtime="20230808 20:42:37.036"/>
</kw>
<kw name="Click Element" library="SeleniumLibrary">
<arg>${booking.go_to_third_step}</arg>
<doc>Click the element identified by ``locator``.</doc>
<msg timestamp="20230808 20:42:37.037" level="INFO">Clicking element '//a[contains(text(),"Prazer em te conhecer! Qual data?")]'.</msg>
<status status="PASS" starttime="20230808 20:42:37.036" endtime="20230808 20:42:37.056"/>
</kw>
<status status="PASS" starttime="20230808 20:42:37.027" endtime="20230808 20:42:37.056"/>
</kw>
<kw name="Fechar o navegador" library="setup_teardown" type="TEARDOWN">
<kw name="Close Browser" library="SeleniumLibrary">
<doc>Closes the current browser.</doc>
<status status="PASS" starttime="20230808 20:42:37.056" endtime="20230808 20:42:37.119"/>
</kw>
<status status="PASS" starttime="20230808 20:42:37.056" endtime="20230808 20:42:37.119"/>
</kw>
<status status="PASS" starttime="20230808 20:42:30.292" endtime="20230808 20:42:37.119"/>
</test>
<status status="PASS" starttime="20230808 20:42:30.236" endtime="20230808 20:42:37.119"/>
</suite>
<statistics>
<total>
<stat pass="1" fail="0" skip="0">All Tests</stat>
</total>
<tag>
</tag>
<suite>
<stat pass="1" fail="0" skip="0" id="s1" name="Booking">Booking</stat>
</suite>
</statistics>
<errors>
</errors>
</robot>
