<?xml version="1.0" encoding="UTF-8"?>
<robot generator="Robot 7.1.1 (Python 3.13.0 on win32)" generated="2024-12-08T14:24:52.712852" rpa="false" schemaversion="5">
<suite id="s1" name="Suites" source="C:\Users\souza\OneDrive\Documentos\GitHub\TestAutomatation-Robotframework\web\suites">
<suite id="s1-s1" name="Form" source="C:\Users\souza\OneDrive\Documentos\GitHub\TestAutomatation-Robotframework\web\suites\form.robot">
<test id="s1-s1-t1" name="TC01 - Form filling test" line="10">
<kw name="Access the website" owner="setup_teardown" type="SETUP">
<kw name="Open Browser" owner="SeleniumLibrary">
<msg time="2024-12-08T14:24:53.047436" level="INFO">Opening browser 'chrome' to base url 'https://www.facebook.com/'.</msg>
<arg>${config.URL}</arg>
<arg>${config.Browser}</arg>
<doc>Opens a new browser instance to the optional ``url``.</doc>
<status status="PASS" start="2024-12-08T14:24:53.046878" elapsed="2.324150"/>
</kw>
<kw name="Set Selenium Implicit Wait" owner="SeleniumLibrary">
<arg>10 seconds</arg>
<doc>Sets the implicit wait value used by Selenium.</doc>
<status status="PASS" start="2024-12-08T14:24:55.371330" elapsed="0.000955"/>
</kw>
<kw name="Maximize Browser Window" owner="SeleniumLibrary">
<doc>Maximizes current browser window.</doc>
<status status="PASS" start="2024-12-08T14:24:55.372417" elapsed="0.041250"/>
</kw>
<status status="PASS" start="2024-12-08T14:24:53.046327" elapsed="2.367554"/>
</kw>
<kw name="Go to Sign Up" owner="login">
<kw name="Wait Until Element Is Visible" owner="SeleniumLibrary">
<arg>css=a.selected[data-testid='open-registration-form-button']</arg>
<arg>10</arg>
<doc>Waits until the element ``locator`` is visible.</doc>
<status status="PASS" start="2024-12-08T14:24:55.414971" elapsed="0.026108"/>
</kw>
<kw name="Click Element" owner="SeleniumLibrary">
<msg time="2024-12-08T14:24:55.441647" level="INFO">Clicking element 'css=a.selected[data-testid='open-registration-form-button']'.</msg>
<arg>css=a.selected[data-testid='open-registration-form-button']</arg>
<doc>Click the element identified by ``locator``.</doc>
<status status="PASS" start="2024-12-08T14:24:55.441353" elapsed="0.900184"/>
</kw>
<status status="PASS" start="2024-12-08T14:24:55.414366" elapsed="0.927330"/>
</kw>
<kw name="Generate Fake User" owner="generator">
<msg time="2024-12-08T14:24:56.350731" level="INFO">${user} = {'first_name': 'John', 'last_name': 'Hale', 'birth_day': 25, 'birth_month': 1, 'birth_year': 1970, 'gender': 1, 'pronoun': 1, 'email': 'abigailduran@carr-reynolds.biz', 'password': 'cN1$Jc_x+BQI'}</msg>
<var>${user}</var>
<status status="PASS" start="2024-12-08T14:24:56.342112" elapsed="0.008699"/>
</kw>
<kw name="Enter first name" owner="signup">
<kw name="Wait Until Element Is Visible" owner="SeleniumLibrary">
<arg>name=firstname</arg>
<arg>10</arg>
<doc>Waits until the element ``locator`` is visible.</doc>
<status status="PASS" start="2024-12-08T14:24:56.352087" elapsed="0.043689"/>
</kw>
<kw name="Input Text" owner="SeleniumLibrary">
<msg time="2024-12-08T14:24:56.397795" level="INFO">Typing text 'John' into text field 'name=firstname'.</msg>
<arg>name=firstname</arg>
<arg>${first_name}</arg>
<doc>Types the given ``text`` into the text field identified by ``locator``.</doc>
<status status="PASS" start="2024-12-08T14:24:56.396271" elapsed="0.122133"/>
</kw>
<arg>${user['first_name']}</arg>
<status status="PASS" start="2024-12-08T14:24:56.351274" elapsed="0.167313"/>
</kw>
<kw name="Enter last name" owner="signup">
<kw name="Input Text" owner="SeleniumLibrary">
<msg time="2024-12-08T14:24:56.519731" level="INFO">Typing text 'Hale' into text field 'name=lastname'.</msg>
<arg>name=lastname</arg>
<arg>${last_name}</arg>
<doc>Types the given ``text`` into the text field identified by ``locator``.</doc>
<status status="PASS" start="2024-12-08T14:24:56.519526" elapsed="0.076614"/>
</kw>
<arg>${user['last_name']}</arg>
<status status="PASS" start="2024-12-08T14:24:56.518951" elapsed="0.077301"/>
</kw>
<kw name="Enter date of birth" owner="signup">
<kw name="Log" owner="BuiltIn">
<msg time="2024-12-08T14:24:56.597449" level="INFO">Dias: 25 - 1 - 1970</msg>
<arg>Dias: ${day} - ${month} - ${year}</arg>
<doc>Logs the given message with the given level.</doc>
<status status="PASS" start="2024-12-08T14:24:56.597303" elapsed="0.000195"/>
</kw>
<kw name="Select From List By Value" owner="SeleniumLibrary">
<msg time="2024-12-08T14:24:56.597725" level="INFO">Selecting options from selection list 'name=birthday_day' by value 25.</msg>
<arg>name=birthday_day</arg>
<arg>${day}</arg>
<doc>Selects options from selection list ``locator`` by ``values``.</doc>
<status status="PASS" start="2024-12-08T14:24:56.597589" elapsed="0.098610"/>
</kw>
<kw name="Select From List By Value" owner="SeleniumLibrary">
<msg time="2024-12-08T14:24:56.697796" level="INFO">Selecting options from selection list 'name=birthday_month' by value 1.</msg>
<arg>name=birthday_month</arg>
<arg>${month}</arg>
<doc>Selects options from selection list ``locator`` by ``values``.</doc>
<status status="PASS" start="2024-12-08T14:24:56.696753" elapsed="0.055524"/>
</kw>
<kw name="Select From List By Value" owner="SeleniumLibrary">
<msg time="2024-12-08T14:24:56.752642" level="INFO">Selecting options from selection list 'name=birthday_year' by value 1970.</msg>
<arg>name=birthday_year</arg>
<arg>${year}</arg>
<doc>Selects options from selection list ``locator`` by ``values``.</doc>
<status status="PASS" start="2024-12-08T14:24:56.752446" elapsed="0.078991"/>
</kw>
<arg>${user['birth_day']}</arg>
<arg>${user['birth_month']}</arg>
<arg>${user['birth_year']}</arg>
<status status="PASS" start="2024-12-08T14:24:56.596496" elapsed="0.235052"/>
</kw>
<kw name="Enter gender" owner="signup">
<kw name="Click Element" owner="SeleniumLibrary">
<msg time="2024-12-08T14:24:56.834380" level="INFO">Clicking element 'xpath=//input[@id="sex" and @value="1"]'.</msg>
<arg>xpath=//input[@id="sex" and @value="${gender}"]</arg>
<doc>Click the element identified by ``locator``.</doc>
<status status="PASS" start="2024-12-08T14:24:56.834136" elapsed="0.064607"/>
</kw>
<if>
<branch type="IF" condition="${gender} == -1">
<kw name="Select From List By Value" owner="SeleniumLibrary">
<arg>id=preferred_pronoun</arg>
<arg>${pronoun}</arg>
<doc>Selects options from selection list ``locator`` by ``values``.</doc>
<status status="NOT RUN" start="2024-12-08T14:24:56.899466" elapsed="0.000032"/>
</kw>
<status status="NOT RUN" start="2024-12-08T14:24:56.898981" elapsed="0.000571"/>
</branch>
<status status="PASS" start="2024-12-08T14:24:56.898925" elapsed="0.000669"/>
</if>
<arg>${user['gender']}</arg>
<arg>${user['pronoun']}</arg>
<status status="PASS" start="2024-12-08T14:24:56.833039" elapsed="0.066626"/>
</kw>
<kw name="Enter email" owner="signup">
<kw name="Input Text" owner="SeleniumLibrary">
<msg time="2024-12-08T14:24:56.900979" level="INFO">Typing text 'abigailduran@carr-reynolds.biz' into text field 'name=reg_email__'.</msg>
<arg>name=reg_email__</arg>
<arg>${email}</arg>
<doc>Types the given ``text`` into the text field identified by ``locator``.</doc>
<status status="PASS" start="2024-12-08T14:24:56.900771" elapsed="0.182414"/>
</kw>
<arg>${user['email']}</arg>
<status status="PASS" start="2024-12-08T14:24:56.899978" elapsed="0.183348"/>
</kw>
<kw name="Enter password" owner="signup">
<kw name="Input Text" owner="SeleniumLibrary">
<msg time="2024-12-08T14:24:57.084676" level="INFO">Typing text 'cN1$Jc_x+BQI' into text field 'name=reg_passwd__'.</msg>
<arg>name=reg_passwd__</arg>
<arg>${password}</arg>
<doc>Types the given ``text`` into the text field identified by ``locator``.</doc>
<status status="PASS" start="2024-12-08T14:24:57.084469" elapsed="0.122388"/>
</kw>
<arg>${user['password']}</arg>
<status status="PASS" start="2024-12-08T14:24:57.083817" elapsed="0.123260"/>
</kw>
<kw name="Sleep" owner="BuiltIn">
<msg time="2024-12-08T14:25:02.208102" level="INFO">Slept 5 seconds.</msg>
<arg>5</arg>
<doc>Pauses the test executed for the given time.</doc>
<status status="PASS" start="2024-12-08T14:24:57.207614" elapsed="5.000779"/>
</kw>
<kw name="Close the browser" owner="setup_teardown" type="TEARDOWN">
<kw name="Take Screenshot" owner="Screenshot">
<msg time="2024-12-08T14:25:02.212849" level="WARN">Taking screenshot failed: Taking screenshots is not supported on this platform by default. See library documentation for details.
Make sure tests are run with a physical or virtual display.</msg>
<msg time="2024-12-08T14:25:02.214797" level="INFO" html="true">&lt;a href="screenshot_1.jpg"&gt;&lt;img src="screenshot_1.jpg" width="800px"&gt;&lt;/a&gt;</msg>
<doc>Takes a screenshot in JPEG format and embeds it into the log file.</doc>
<status status="PASS" start="2024-12-08T14:25:02.210188" elapsed="0.004850"/>
</kw>
<kw name="Close Browser" owner="SeleniumLibrary">
<doc>Closes the current browser.</doc>
<status status="PASS" start="2024-12-08T14:25:02.215400" elapsed="2.200626"/>
</kw>
<status status="PASS" start="2024-12-08T14:25:02.209710" elapsed="2.206489"/>
</kw>
<doc>Test to validate form filling using random data</doc>
<tag>High</tag>
<tag>Search</tag>
<tag>Video</tag>
<status status="PASS" start="2024-12-08T14:24:53.045414" elapsed="11.371135"/>
</test>
<status status="PASS" start="2024-12-08T14:24:52.738252" elapsed="11.680338"/>
</suite>
<status status="PASS" start="2024-12-08T14:24:52.714188" elapsed="11.706680"/>
</suite>
<statistics>
<total>
<stat pass="1" fail="0" skip="0">All Tests</stat>
</total>
<tag>
<stat pass="1" fail="0" skip="0">High</stat>
<stat pass="1" fail="0" skip="0">Search</stat>
<stat pass="1" fail="0" skip="0">Video</stat>
</tag>
<suite>
<stat pass="1" fail="0" skip="0" id="s1" name="Suites">Suites</stat>
<stat pass="1" fail="0" skip="0" id="s1-s1" name="Form">Suites.Form</stat>
</suite>
</statistics>
<errors>
<msg time="2024-12-08T14:25:02.212849" level="WARN">Taking screenshot failed: Taking screenshots is not supported on this platform by default. See library documentation for details.
Make sure tests are run with a physical or virtual display.</msg>
</errors>
</robot>
