<?xml version="1.0" encoding="UTF-8"?>
<robot generator="Robot 7.1.1 (Python 3.13.0 on win32)" generated="2024-11-17T17:09:02.948870" rpa="false" schemaversion="5">
<suite id="s1" name="Suites" source="C:\Users\souza\OneDrive\Documentos\GitHub\TestAutomatation-Robotframework\web\suites">
<suite id="s1-s1" name="Home" source="C:\Users\souza\OneDrive\Documentos\GitHub\TestAutomatation-Robotframework\web\suites\home.robot">
<test id="s1-s1-t1" name="TC01 - Search for a video with a title" line="9">
<kw name="Access the website" owner="setup_teardown" type="SETUP">
<kw name="Open Browser" owner="SeleniumLibrary">
<msg time="2024-11-17T17:09:03.337924" level="INFO">Opening browser 'chrome' to base url 'https://www.youtube.com/'.</msg>
<arg>${config.URL}</arg>
<arg>${config.Browser}</arg>
<doc>Opens a new browser instance to the optional ``url``.</doc>
<status status="PASS" start="2024-11-17T17:09:03.337139" elapsed="5.810733"/>
</kw>
<kw name="Maximize Browser Window" owner="SeleniumLibrary">
<doc>Maximizes current browser window.</doc>
<status status="PASS" start="2024-11-17T17:09:09.149228" elapsed="0.328977"/>
</kw>
<status status="PASS" start="2024-11-17T17:09:03.336417" elapsed="6.142264"/>
</kw>
<kw name="Inform in the search bar" owner="home">
<kw name="Wait Until Element Is Visible" owner="SeleniumLibrary">
<msg time="2024-11-17T17:09:24.793608" level="INFO" html="true">&lt;/td&gt;&lt;/tr&gt;&lt;tr&gt;&lt;td colspan="3"&gt;&lt;a href="selenium-screenshot-1.png"&gt;&lt;img src="selenium-screenshot-1.png" width="800px"&gt;&lt;/a&gt;</msg>
<msg time="2024-11-17T17:09:24.794180" level="FAIL">Element 'css=#search' not visible after 15 seconds.</msg>
<arg>css=#search</arg>
<arg>15</arg>
<doc>Waits until the element ``locator`` is visible.</doc>
<status status="FAIL" start="2024-11-17T17:09:09.482048" elapsed="15.357414">Element 'css=#search' not visible after 15 seconds.</status>
</kw>
<kw name="Input Text" owner="SeleniumLibrary">
<arg>css=#search</arg>
<arg>${text}</arg>
<doc>Types the given ``text`` into the text field identified by ``locator``.</doc>
<status status="NOT RUN" start="2024-11-17T17:09:24.840038" elapsed="0.000095"/>
</kw>
<arg>Rick Astley - Never Gonna Give You Up (Official Music Video)</arg>
<status status="FAIL" start="2024-11-17T17:09:09.480846" elapsed="15.359680">Element 'css=#search' not visible after 15 seconds.</status>
</kw>
<kw name="Click on the search icon" owner="home">
<status status="NOT RUN" start="2024-11-17T17:09:24.841419" elapsed="0.000106"/>
</kw>
<kw name="Verify if the first result is" owner="home">
<arg>Rick Astley - Never Gonna Give You Up (Official Music Video)</arg>
<status status="NOT RUN" start="2024-11-17T17:09:24.842258" elapsed="0.000131"/>
</kw>
<kw name="Click on the video" owner="home">
<arg>Rick Astley - Never Gonna Give You Up (Official Music Video)</arg>
<status status="NOT RUN" start="2024-11-17T17:09:24.843028" elapsed="0.000102"/>
</kw>
<kw name="Verify if the video is running" owner="home">
<status status="NOT RUN" start="2024-11-17T17:09:24.843783" elapsed="0.000095"/>
</kw>
<kw name="Sleep" owner="BuiltIn">
<arg>5</arg>
<doc>Pauses the test executed for the given time.</doc>
<status status="NOT RUN" start="2024-11-17T17:09:24.844398" elapsed="0.000095"/>
</kw>
<kw name="Close the browser" owner="setup_teardown" type="TEARDOWN">
<kw name="Take Screenshot" owner="Screenshot">
<msg time="2024-11-17T17:09:24.848330" level="WARN">Taking screenshot failed: Taking screenshots is not supported on this platform by default. See library documentation for details.
Make sure tests are run with a physical or virtual display.</msg>
<msg time="2024-11-17T17:09:24.850008" level="INFO" html="true">&lt;a href="screenshot_1.jpg"&gt;&lt;img src="screenshot_1.jpg" width="800px"&gt;&lt;/a&gt;</msg>
<doc>Takes a screenshot in JPEG format and embeds it into the log file.</doc>
<status status="PASS" start="2024-11-17T17:09:24.846267" elapsed="0.003949"/>
</kw>
<kw name="Close Browser" owner="SeleniumLibrary">
<doc>Closes the current browser.</doc>
<status status="PASS" start="2024-11-17T17:09:24.850609" elapsed="2.408560"/>
</kw>
<status status="PASS" start="2024-11-17T17:09:24.845454" elapsed="2.414031"/>
</kw>
<doc>Test video search mechanics with a video title</doc>
<tag>High</tag>
<tag>Search</tag>
<tag>Video</tag>
<status status="FAIL" start="2024-11-17T17:09:03.335624" elapsed="23.924349">Element 'css=#search' not visible after 15 seconds.</status>
</test>
<test id="s1-s1-t2" name="TC02 - Search for a video with a context" line="19">
<kw name="Access the website" owner="setup_teardown" type="SETUP">
<kw name="Open Browser" owner="SeleniumLibrary">
<msg time="2024-11-17T17:09:27.267808" level="INFO">Opening browser 'chrome' to base url 'https://www.youtube.com/'.</msg>
<arg>${config.URL}</arg>
<arg>${config.Browser}</arg>
<doc>Opens a new browser instance to the optional ``url``.</doc>
<status status="PASS" start="2024-11-17T17:09:27.265302" elapsed="6.074976"/>
</kw>
<kw name="Maximize Browser Window" owner="SeleniumLibrary">
<doc>Maximizes current browser window.</doc>
<status status="PASS" start="2024-11-17T17:09:33.340742" elapsed="0.333052"/>
</kw>
<status status="PASS" start="2024-11-17T17:09:27.264457" elapsed="6.409574"/>
</kw>
<kw name="Inform in the search bar" owner="home">
<kw name="Wait Until Element Is Visible" owner="SeleniumLibrary">
<msg time="2024-11-17T17:09:48.875245" level="INFO" html="true">&lt;/td&gt;&lt;/tr&gt;&lt;tr&gt;&lt;td colspan="3"&gt;&lt;a href="selenium-screenshot-2.png"&gt;&lt;img src="selenium-screenshot-2.png" width="800px"&gt;&lt;/a&gt;</msg>
<msg time="2024-11-17T17:09:48.875604" level="FAIL">Element 'css=#search' not visible after 15 seconds.</msg>
<arg>css=#search</arg>
<arg>15</arg>
<doc>Waits until the element ``locator`` is visible.</doc>
<status status="FAIL" start="2024-11-17T17:09:33.676592" elapsed="15.201203">Element 'css=#search' not visible after 15 seconds.</status>
</kw>
<kw name="Input Text" owner="SeleniumLibrary">
<arg>css=#search</arg>
<arg>${text}</arg>
<doc>Types the given ``text`` into the text field identified by ``locator``.</doc>
<status status="NOT RUN" start="2024-11-17T17:09:48.878275" elapsed="0.000074"/>
</kw>
<arg>metafisica dos costumes clovis de barros</arg>
<status status="FAIL" start="2024-11-17T17:09:33.674930" elapsed="15.203648">Element 'css=#search' not visible after 15 seconds.</status>
</kw>
<kw name="Click on the search icon" owner="home">
<status status="NOT RUN" start="2024-11-17T17:09:48.879415" elapsed="0.000093"/>
</kw>
<kw name="Verify if the first result is" owner="home">
<arg>Motivação para estudar (BRIO) | Clóvis de Barros |</arg>
<status status="NOT RUN" start="2024-11-17T17:09:48.880406" elapsed="0.000192"/>
</kw>
<kw name="Click on the video" owner="home">
<arg>Motivação para estudar (BRIO) | Clóvis de Barros |</arg>
<status status="NOT RUN" start="2024-11-17T17:09:48.881362" elapsed="0.000140"/>
</kw>
<kw name="Play the video">
<status status="NOT RUN" start="2024-11-17T17:09:48.882481" elapsed="0.000160"/>
</kw>
<kw name="Verify if the video is running" owner="home">
<status status="NOT RUN" start="2024-11-17T17:09:48.883484" elapsed="0.000161"/>
</kw>
<kw name="Sleep" owner="BuiltIn">
<arg>5</arg>
<doc>Pauses the test executed for the given time.</doc>
<status status="NOT RUN" start="2024-11-17T17:09:48.884274" elapsed="0.000128"/>
</kw>
<kw name="Close the browser" owner="setup_teardown" type="TEARDOWN">
<kw name="Take Screenshot" owner="Screenshot">
<msg time="2024-11-17T17:09:48.888381" level="WARN">Taking screenshot failed: Taking screenshots is not supported on this platform by default. See library documentation for details.
Make sure tests are run with a physical or virtual display.</msg>
<msg time="2024-11-17T17:09:48.891050" level="INFO" html="true">&lt;a href="screenshot_1.jpg"&gt;&lt;img src="screenshot_1.jpg" width="800px"&gt;&lt;/a&gt;</msg>
<doc>Takes a screenshot in JPEG format and embeds it into the log file.</doc>
<status status="PASS" start="2024-11-17T17:09:48.886812" elapsed="0.004467"/>
</kw>
<kw name="Close Browser" owner="SeleniumLibrary">
<doc>Closes the current browser.</doc>
<status status="PASS" start="2024-11-17T17:09:48.891959" elapsed="2.465436"/>
</kw>
<status status="PASS" start="2024-11-17T17:09:48.885664" elapsed="2.472042"/>
</kw>
<doc>Test video search mechanics with a video context</doc>
<tag>Medium</tag>
<tag>Search</tag>
<tag>Video</tag>
<status status="FAIL" start="2024-11-17T17:09:27.262873" elapsed="24.095436">Element 'css=#search' not visible after 15 seconds.</status>
</test>
<test id="s1-s1-t3" name="TC03 -" line="30">
<kw name="Access the website" owner="setup_teardown" type="SETUP">
<kw name="Open Browser" owner="SeleniumLibrary">
<msg time="2024-11-17T17:09:51.367112" level="INFO">Opening browser 'chrome' to base url 'https://www.youtube.com/'.</msg>
<arg>${config.URL}</arg>
<arg>${config.Browser}</arg>
<doc>Opens a new browser instance to the optional ``url``.</doc>
<status status="PASS" start="2024-11-17T17:09:51.363740" elapsed="7.486115"/>
</kw>
<kw name="Maximize Browser Window" owner="SeleniumLibrary">
<doc>Maximizes current browser window.</doc>
<status status="PASS" start="2024-11-17T17:09:58.850331" elapsed="0.327214"/>
</kw>
<status status="PASS" start="2024-11-17T17:09:51.362676" elapsed="7.815303"/>
</kw>
<kw name="Ir para o segundo passo">
<msg time="2024-11-17T17:09:59.184695" level="FAIL">No keyword with name 'Ir para o segundo passo' found.</msg>
<status status="FAIL" start="2024-11-17T17:09:59.184559" elapsed="0.000237">No keyword with name 'Ir para o segundo passo' found.</status>
</kw>
<kw name="Informar os dados de contato">
<arg>${dados_invalidos}</arg>
<status status="NOT RUN" start="2024-11-17T17:09:59.189937" elapsed="0.000083"/>
</kw>
<kw name="Ir para o terceiro passo">
<status status="NOT RUN" start="2024-11-17T17:09:59.194515" elapsed="0.000108"/>
</kw>
<kw name="Não deve processeguir e deve continuar no segundo passo">
<status status="NOT RUN" start="2024-11-17T17:09:59.196686" elapsed="0.000113"/>
</kw>
<kw name="Close the browser" owner="setup_teardown" type="TEARDOWN">
<kw name="Take Screenshot" owner="Screenshot">
<msg time="2024-11-17T17:09:59.200740" level="WARN">Taking screenshot failed: Taking screenshots is not supported on this platform by default. See library documentation for details.
Make sure tests are run with a physical or virtual display.</msg>
<msg time="2024-11-17T17:09:59.203742" level="INFO" html="true">&lt;a href="screenshot_1.jpg"&gt;&lt;img src="screenshot_1.jpg" width="800px"&gt;&lt;/a&gt;</msg>
<doc>Takes a screenshot in JPEG format and embeds it into the log file.</doc>
<status status="PASS" start="2024-11-17T17:09:59.199657" elapsed="0.004523"/>
</kw>
<kw name="Close Browser" owner="SeleniumLibrary">
<doc>Closes the current browser.</doc>
<status status="PASS" start="2024-11-17T17:09:59.204646" elapsed="2.454174"/>
</kw>
<status status="PASS" start="2024-11-17T17:09:59.198693" elapsed="2.460481"/>
</kw>
<doc>Test google registration</doc>
<tag>Medium</tag>
<tag>Search</tag>
<tag>Video</tag>
<status status="FAIL" start="2024-11-17T17:09:51.360949" elapsed="10.298799">No keyword with name 'Ir para o segundo passo' found.</status>
</test>
<status status="FAIL" start="2024-11-17T17:09:02.983935" elapsed="58.678874"/>
</suite>
<status status="FAIL" start="2024-11-17T17:09:02.950501" elapsed="58.715488"/>
</suite>
<statistics>
<total>
<stat pass="0" fail="3" skip="0">All Tests</stat>
</total>
<tag>
<stat pass="0" fail="1" skip="0">High</stat>
<stat pass="0" fail="2" skip="0">Medium</stat>
<stat pass="0" fail="3" skip="0">Search</stat>
<stat pass="0" fail="3" skip="0">Video</stat>
</tag>
<suite>
<stat pass="0" fail="3" skip="0" id="s1" name="Suites">Suites</stat>
<stat pass="0" fail="3" skip="0" id="s1-s1" name="Home">Suites.Home</stat>
</suite>
</statistics>
<errors>
<msg time="2024-11-17T17:09:24.848330" level="WARN">Taking screenshot failed: Taking screenshots is not supported on this platform by default. See library documentation for details.
Make sure tests are run with a physical or virtual display.</msg>
<msg time="2024-11-17T17:09:48.888381" level="WARN">Taking screenshot failed: Taking screenshots is not supported on this platform by default. See library documentation for details.
Make sure tests are run with a physical or virtual display.</msg>
<msg time="2024-11-17T17:09:59.200740" level="WARN">Taking screenshot failed: Taking screenshots is not supported on this platform by default. See library documentation for details.
Make sure tests are run with a physical or virtual display.</msg>
</errors>
</robot>
